<?xml version="1.0" encoding="UTF-8"?>
<coverage generated="1552880577343" clover="3.2.0">
  <project timestamp="1552880577343" name="All files">
    <metrics statements="85" coveredstatements="85" conditionals="75" coveredconditionals="75" methods="32" coveredmethods="32" elements="192" coveredelements="192" complexity="0" loc="85" ncloc="85" packages="1" files="1" classes="1">
      <file name="GameOfLife.js" path="/home/robin/Projects/node/ankama/ankama-jeu-de-la-vie/main/GameOfLife.js">
        <metrics statements="85" coveredstatements="85" conditionals="75" coveredconditionals="75" methods="32" coveredmethods="32"/>
        <line num="7" count="11" type="stmt"/>
        <line num="11" count="11" type="cond" truecount="4" falsecount="0"/>
        <line num="12" count="9" type="stmt"/>
        <line num="15" count="11" type="stmt"/>
        <line num="24" count="11" type="stmt"/>
        <line num="33" count="3" type="stmt"/>
        <line num="34" count="3" type="cond" truecount="2" falsecount="0"/>
        <line num="36" count="3" type="stmt"/>
        <line num="45" count="6" type="cond" truecount="6" falsecount="0"/>
        <line num="46" count="1" type="stmt"/>
        <line num="47" count="1" type="stmt"/>
        <line num="48" count="1" type="stmt"/>
        <line num="50" count="1" type="stmt"/>
        <line num="52" count="5" type="stmt"/>
        <line num="60" count="3" type="cond" truecount="4" falsecount="0"/>
        <line num="62" count="3" type="stmt"/>
        <line num="72" count="7" type="cond" truecount="2" falsecount="0"/>
        <line num="79" count="2" type="cond" truecount="2" falsecount="0"/>
        <line num="81" count="2" type="stmt"/>
        <line num="89" count="2" type="cond" truecount="2" falsecount="0"/>
        <line num="90" count="1" type="stmt"/>
        <line num="99" count="2" type="cond" truecount="2" falsecount="0"/>
        <line num="100" count="1" type="stmt"/>
        <line num="102" count="1" type="stmt"/>
        <line num="112" count="2" type="cond" truecount="2" falsecount="0"/>
        <line num="113" count="1" type="stmt"/>
        <line num="115" count="1" type="stmt"/>
        <line num="123" count="123" type="cond" truecount="2" falsecount="0"/>
        <line num="126" count="2" type="stmt"/>
        <line num="127" count="2" type="stmt"/>
        <line num="129" count="2" type="cond" truecount="2" falsecount="0"/>
        <line num="131" count="1" type="stmt"/>
        <line num="134" count="121" type="stmt"/>
        <line num="136" count="121" type="cond" truecount="2" falsecount="0"/>
        <line num="138" count="64" type="stmt"/>
        <line num="141" count="121" type="stmt"/>
        <line num="151" count="60" type="cond" truecount="2" falsecount="0"/>
        <line num="152" count="1" type="stmt"/>
        <line num="153" count="1" type="stmt"/>
        <line num="154" count="1" type="stmt"/>
        <line num="158" count="59" type="stmt"/>
        <line num="168" count="8" type="cond" truecount="4" falsecount="0"/>
        <line num="169" count="4" type="cond" truecount="2" falsecount="0"/>
        <line num="170" count="2" type="stmt"/>
        <line num="172" count="2" type="cond" truecount="2" falsecount="0"/>
        <line num="173" count="1" type="stmt"/>
        <line num="174" count="2" type="stmt"/>
        <line num="177" count="4" type="stmt"/>
        <line num="180" count="2" type="cond" truecount="2" falsecount="0"/>
        <line num="181" count="1" type="stmt"/>
        <line num="182" count="2" type="stmt"/>
        <line num="185" count="6" type="stmt"/>
        <line num="188" count="2" type="stmt"/>
        <line num="189" count="16" type="stmt"/>
        <line num="193" count="4" type="stmt"/>
        <line num="196" count="8" type="stmt"/>
        <line num="208" count="366" type="stmt"/>
        <line num="210" count="366" type="cond" truecount="2" falsecount="0"/>
        <line num="211" count="365" type="stmt"/>
        <line num="212" count="365" type="stmt"/>
        <line num="214" count="365" type="stmt"/>
        <line num="220" count="365" type="stmt"/>
        <line num="226" count="365" type="stmt"/>
        <line num="227" count="1095" type="stmt"/>
        <line num="228" count="3285" type="cond" truecount="5" falsecount="0"/>
        <line num="229" count="366" type="stmt"/>
        <line num="235" count="366" type="stmt"/>
        <line num="246" count="344" type="cond" truecount="2" falsecount="0"/>
        <line num="247" count="343" type="stmt"/>
        <line num="250" count="343" type="cond" truecount="2" falsecount="0"/>
        <line num="251" count="35" type="cond" truecount="2" falsecount="0"/>
        <line num="255" count="308" type="stmt"/>
        <line num="258" count="1" type="stmt"/>
        <line num="267" count="127" type="stmt"/>
        <line num="268" count="127" type="cond" truecount="2" falsecount="0"/>
        <line num="270" count="125" type="stmt"/>
        <line num="271" count="125" type="stmt"/>
        <line num="274" count="125" type="stmt"/>
        <line num="275" count="333" type="stmt"/>
        <line num="278" count="127" type="stmt"/>
        <line num="290" count="837" type="cond" truecount="2" falsecount="0"/>
        <line num="301" count="6" type="stmt"/>
        <line num="302" count="14" type="stmt"/>
        <line num="305" count="6" type="stmt"/>
        <line num="313" count="17" type="stmt"/>
      </file>
    </metrics>
  </project>
</coverage>
