{"/home/robin/Projects/node/ankama/ankama-jeu-de-la-vie/main/GameOfLife.js": {"path":"/home/robin/Projects/node/ankama/ankama-jeu-de-la-vie/main/GameOfLife.js","statementMap":{"0":{"start":{"line":7,"column":0},"end":{"line":280,"column":2}},"1":{"start":{"line":11,"column":4},"end":{"line":13,"column":5}},"2":{"start":{"line":12,"column":6},"end":{"line":12,"column":30}},"3":{"start":{"line":15,"column":4},"end":{"line":22,"column":6}},"4":{"start":{"line":24,"column":4},"end":{"line":24,"column":20}},"5":{"start":{"line":33,"column":19},"end":{"line":33,"column":51}},"6":{"start":{"line":34,"column":4},"end":{"line":34,"column":80}},"7":{"start":{"line":36,"column":4},"end":{"line":36,"column":28}},"8":{"start":{"line":45,"column":4},"end":{"line":51,"column":5}},"9":{"start":{"line":46,"column":6},"end":{"line":46,"column":39}},"10":{"start":{"line":47,"column":6},"end":{"line":47,"column":71}},"11":{"start":{"line":48,"column":6},"end":{"line":48,"column":66}},"12":{"start":{"line":50,"column":6},"end":{"line":50,"column":61}},"13":{"start":{"line":52,"column":4},"end":{"line":52,"column":32}},"14":{"start":{"line":60,"column":4},"end":{"line":60,"column":63}},"15":{"start":{"line":62,"column":4},"end":{"line":62,"column":61}},"16":{"start":{"line":72,"column":4},"end":{"line":82,"column":5}},"17":{"start":{"line":79,"column":6},"end":{"line":79,"column":78}},"18":{"start":{"line":81,"column":6},"end":{"line":81,"column":30}},"19":{"start":{"line":89,"column":4},"end":{"line":91,"column":5}},"20":{"start":{"line":90,"column":6},"end":{"line":90,"column":57}},"21":{"start":{"line":99,"column":4},"end":{"line":103,"column":5}},"22":{"start":{"line":100,"column":6},"end":{"line":100,"column":57}},"23":{"start":{"line":102,"column":6},"end":{"line":102,"column":30}},"24":{"start":{"line":112,"column":4},"end":{"line":116,"column":5}},"25":{"start":{"line":113,"column":6},"end":{"line":113,"column":32}},"26":{"start":{"line":115,"column":6},"end":{"line":115,"column":27}},"27":{"start":{"line":123,"column":4},"end":{"line":143,"column":5}},"28":{"start":{"line":126,"column":6},"end":{"line":126,"column":33}},"29":{"start":{"line":127,"column":6},"end":{"line":127,"column":30}},"30":{"start":{"line":129,"column":6},"end":{"line":132,"column":7}},"31":{"start":{"line":131,"column":8},"end":{"line":131,"column":42}},"32":{"start":{"line":134,"column":6},"end":{"line":134,"column":57}},"33":{"start":{"line":136,"column":6},"end":{"line":139,"column":7}},"34":{"start":{"line":138,"column":8},"end":{"line":138,"column":37}},"35":{"start":{"line":141,"column":6},"end":{"line":141,"column":68}},"36":{"start":{"line":151,"column":4},"end":{"line":156,"column":5}},"37":{"start":{"line":152,"column":6},"end":{"line":155,"column":9}},"38":{"start":{"line":153,"column":8},"end":{"line":153,"column":34}},"39":{"start":{"line":154,"column":8},"end":{"line":154,"column":31}},"40":{"start":{"line":158,"column":4},"end":{"line":158,"column":29}},"41":{"start":{"line":168,"column":4},"end":{"line":194,"column":5}},"42":{"start":{"line":169,"column":6},"end":{"line":191,"column":7}},"43":{"start":{"line":170,"column":8},"end":{"line":170,"column":41}},"44":{"start":{"line":172,"column":8},"end":{"line":178,"column":9}},"45":{"start":{"line":173,"column":10},"end":{"line":175,"column":13}},"46":{"start":{"line":174,"column":12},"end":{"line":174,"column":32}},"47":{"start":{"line":177,"column":10},"end":{"line":177,"column":75}},"48":{"start":{"line":177,"column":39},"end":{"line":177,"column":73}},"49":{"start":{"line":177,"column":71},"end":{"line":177,"column":72}},"50":{"start":{"line":180,"column":8},"end":{"line":186,"column":9}},"51":{"start":{"line":181,"column":10},"end":{"line":183,"column":13}},"52":{"start":{"line":182,"column":12},"end":{"line":182,"column":32}},"53":{"start":{"line":185,"column":10},"end":{"line":185,"column":75}},"54":{"start":{"line":185,"column":39},"end":{"line":185,"column":73}},"55":{"start":{"line":185,"column":71},"end":{"line":185,"column":72}},"56":{"start":{"line":188,"column":8},"end":{"line":190,"column":10}},"57":{"start":{"line":189,"column":10},"end":{"line":189,"column":48}},"58":{"start":{"line":189,"column":46},"end":{"line":189,"column":47}},"59":{"start":{"line":193,"column":6},"end":{"line":193,"column":30}},"60":{"start":{"line":196,"column":4},"end":{"line":196,"column":28}},"61":{"start":{"line":208,"column":16},"end":{"line":208,"column":17}},"62":{"start":{"line":210,"column":4},"end":{"line":233,"column":5}},"63":{"start":{"line":211,"column":19},"end":{"line":211,"column":31}},"64":{"start":{"line":212,"column":18},"end":{"line":212,"column":33}},"65":{"start":{"line":214,"column":18},"end":{"line":218,"column":7}},"66":{"start":{"line":220,"column":20},"end":{"line":224,"column":7}},"67":{"start":{"line":226,"column":6},"end":{"line":232,"column":8}},"68":{"start":{"line":227,"column":8},"end":{"line":231,"column":10}},"69":{"start":{"line":228,"column":10},"end":{"line":230,"column":11}},"70":{"start":{"line":229,"column":12},"end":{"line":229,"column":20}},"71":{"start":{"line":235,"column":4},"end":{"line":235,"column":17}},"72":{"start":{"line":246,"column":4},"end":{"line":256,"column":5}},"73":{"start":{"line":247,"column":16},"end":{"line":247,"column":57}},"74":{"start":{"line":250,"column":6},"end":{"line":252,"column":7}},"75":{"start":{"line":251,"column":8},"end":{"line":251,"column":38}},"76":{"start":{"line":255,"column":6},"end":{"line":255,"column":23}},"77":{"start":{"line":258,"column":4},"end":{"line":258,"column":17}},"78":{"start":{"line":267,"column":20},"end":{"line":267,"column":24}},"79":{"start":{"line":268,"column":4},"end":{"line":277,"column":5}},"80":{"start":{"line":270,"column":19},"end":{"line":270,"column":31}},"81":{"start":{"line":271,"column":18},"end":{"line":271,"column":33}},"82":{"start":{"line":274,"column":6},"end":{"line":276,"column":8}},"83":{"start":{"line":275,"column":21},"end":{"line":275,"column":70}},"84":{"start":{"line":275,"column":40},"end":{"line":275,"column":69}},"85":{"start":{"line":278,"column":4},"end":{"line":278,"column":21}},"86":{"start":{"line":290,"column":2},"end":{"line":290,"column":49}},"87":{"start":{"line":301,"column":2},"end":{"line":303,"column":3}},"88":{"start":{"line":302,"column":4},"end":{"line":302,"column":25}},"89":{"start":{"line":305,"column":2},"end":{"line":305,"column":14}},"90":{"start":{"line":313,"column":2},"end":{"line":313,"column":51}},"91":{"start":{"line":313,"column":27},"end":{"line":313,"column":49}},"92":{"start":{"line":313,"column":44},"end":{"line":313,"column":48}}},"fnMap":{"0":{"name":"(anonymous_0)","decl":{"start":{"line":8,"column":2},"end":{"line":8,"column":3}},"loc":{"start":{"line":8,"column":24},"end":{"line":25,"column":3}},"line":8},"1":{"name":"(anonymous_1)","decl":{"start":{"line":32,"column":2},"end":{"line":32,"column":3}},"loc":{"start":{"line":32,"column":32},"end":{"line":37,"column":3}},"line":32},"2":{"name":"(anonymous_2)","decl":{"start":{"line":44,"column":2},"end":{"line":44,"column":3}},"loc":{"start":{"line":44,"column":22},"end":{"line":53,"column":3}},"line":44},"3":{"name":"(anonymous_3)","decl":{"start":{"line":58,"column":2},"end":{"line":58,"column":3}},"loc":{"start":{"line":58,"column":21},"end":{"line":63,"column":3}},"line":58},"4":{"name":"(anonymous_4)","decl":{"start":{"line":71,"column":2},"end":{"line":71,"column":3}},"loc":{"start":{"line":71,"column":27},"end":{"line":83,"column":3}},"line":71},"5":{"name":"(anonymous_5)","decl":{"start":{"line":88,"column":2},"end":{"line":88,"column":3}},"loc":{"start":{"line":88,"column":14},"end":{"line":92,"column":3}},"line":88},"6":{"name":"(anonymous_6)","decl":{"start":{"line":98,"column":2},"end":{"line":98,"column":3}},"loc":{"start":{"line":98,"column":11},"end":{"line":104,"column":3}},"line":98},"7":{"name":"(anonymous_7)","decl":{"start":{"line":111,"column":2},"end":{"line":111,"column":3}},"loc":{"start":{"line":111,"column":20},"end":{"line":117,"column":3}},"line":111},"8":{"name":"(anonymous_8)","decl":{"start":{"line":122,"column":2},"end":{"line":122,"column":3}},"loc":{"start":{"line":122,"column":18},"end":{"line":144,"column":3}},"line":122},"9":{"name":"(anonymous_9)","decl":{"start":{"line":150,"column":2},"end":{"line":150,"column":3}},"loc":{"start":{"line":150,"column":9},"end":{"line":159,"column":3}},"line":150},"10":{"name":"(anonymous_10)","decl":{"start":{"line":152,"column":25},"end":{"line":152,"column":26}},"loc":{"start":{"line":152,"column":36},"end":{"line":155,"column":7}},"line":152},"11":{"name":"(anonymous_11)","decl":{"start":{"line":167,"column":2},"end":{"line":167,"column":3}},"loc":{"start":{"line":167,"column":24},"end":{"line":197,"column":3}},"line":167},"12":{"name":"(anonymous_12)","decl":{"start":{"line":173,"column":35},"end":{"line":173,"column":36}},"loc":{"start":{"line":173,"column":43},"end":{"line":175,"column":11}},"line":173},"13":{"name":"(anonymous_13)","decl":{"start":{"line":177,"column":31},"end":{"line":177,"column":32}},"loc":{"start":{"line":177,"column":39},"end":{"line":177,"column":73}},"line":177},"14":{"name":"(anonymous_14)","decl":{"start":{"line":177,"column":65},"end":{"line":177,"column":66}},"loc":{"start":{"line":177,"column":71},"end":{"line":177,"column":72}},"line":177},"15":{"name":"(anonymous_15)","decl":{"start":{"line":181,"column":35},"end":{"line":181,"column":36}},"loc":{"start":{"line":181,"column":43},"end":{"line":183,"column":11}},"line":181},"16":{"name":"(anonymous_16)","decl":{"start":{"line":185,"column":31},"end":{"line":185,"column":32}},"loc":{"start":{"line":185,"column":39},"end":{"line":185,"column":73}},"line":185},"17":{"name":"(anonymous_17)","decl":{"start":{"line":185,"column":65},"end":{"line":185,"column":66}},"loc":{"start":{"line":185,"column":71},"end":{"line":185,"column":72}},"line":185},"18":{"name":"(anonymous_18)","decl":{"start":{"line":188,"column":47},"end":{"line":188,"column":48}},"loc":{"start":{"line":189,"column":10},"end":{"line":189,"column":48}},"line":189},"19":{"name":"(anonymous_19)","decl":{"start":{"line":189,"column":40},"end":{"line":189,"column":41}},"loc":{"start":{"line":189,"column":46},"end":{"line":189,"column":47}},"line":189},"20":{"name":"(anonymous_20)","decl":{"start":{"line":207,"column":2},"end":{"line":207,"column":3}},"loc":{"start":{"line":207,"column":39},"end":{"line":236,"column":3}},"line":207},"21":{"name":"(anonymous_21)","decl":{"start":{"line":226,"column":20},"end":{"line":226,"column":21}},"loc":{"start":{"line":227,"column":8},"end":{"line":231,"column":10}},"line":227},"22":{"name":"(anonymous_22)","decl":{"start":{"line":227,"column":24},"end":{"line":227,"column":25}},"loc":{"start":{"line":227,"column":29},"end":{"line":231,"column":9}},"line":227},"23":{"name":"(anonymous_23)","decl":{"start":{"line":245,"column":2},"end":{"line":245,"column":3}},"loc":{"start":{"line":245,"column":31},"end":{"line":259,"column":3}},"line":245},"24":{"name":"(anonymous_24)","decl":{"start":{"line":266,"column":2},"end":{"line":266,"column":3}},"loc":{"start":{"line":266,"column":18},"end":{"line":279,"column":3}},"line":266},"25":{"name":"(anonymous_25)","decl":{"start":{"line":275,"column":8},"end":{"line":275,"column":9}},"loc":{"start":{"line":275,"column":21},"end":{"line":275,"column":70}},"line":275},"26":{"name":"(anonymous_26)","decl":{"start":{"line":275,"column":30},"end":{"line":275,"column":31}},"loc":{"start":{"line":275,"column":40},"end":{"line":275,"column":69}},"line":275},"27":{"name":"isNotEmpty","decl":{"start":{"line":289,"column":9},"end":{"line":289,"column":19}},"loc":{"start":{"line":289,"column":27},"end":{"line":291,"column":1}},"line":289},"28":{"name":"enlargeArray","decl":{"start":{"line":300,"column":9},"end":{"line":300,"column":21}},"loc":{"start":{"line":300,"column":43},"end":{"line":306,"column":1}},"line":300},"29":{"name":"clone","decl":{"start":{"line":312,"column":9},"end":{"line":312,"column":14}},"loc":{"start":{"line":312,"column":22},"end":{"line":314,"column":1}},"line":312},"30":{"name":"(anonymous_30)","decl":{"start":{"line":313,"column":19},"end":{"line":313,"column":20}},"loc":{"start":{"line":313,"column":27},"end":{"line":313,"column":49}},"line":313},"31":{"name":"(anonymous_31)","decl":{"start":{"line":313,"column":36},"end":{"line":313,"column":37}},"loc":{"start":{"line":313,"column":44},"end":{"line":313,"column":48}},"line":313}},"branchMap":{"0":{"loc":{"start":{"line":11,"column":4},"end":{"line":13,"column":5}},"type":"if","locations":[{"start":{"line":11,"column":4},"end":{"line":13,"column":5}},{"start":{"line":11,"column":4},"end":{"line":13,"column":5}}],"line":11},"1":{"loc":{"start":{"line":11,"column":8},"end":{"line":11,"column":49}},"type":"binary-expr","locations":[{"start":{"line":11,"column":8},"end":{"line":11,"column":25}},{"start":{"line":11,"column":29},"end":{"line":11,"column":49}}],"line":11},"2":{"loc":{"start":{"line":32,"column":7},"end":{"line":32,"column":30}},"type":"default-arg","locations":[{"start":{"line":32,"column":21},"end":{"line":32,"column":30}}],"line":32},"3":{"loc":{"start":{"line":34,"column":29},"end":{"line":34,"column":78}},"type":"cond-expr","locations":[{"start":{"line":34,"column":40},"end":{"line":34,"column":48}},{"start":{"line":34,"column":51},"end":{"line":34,"column":78}}],"line":34},"4":{"loc":{"start":{"line":45,"column":4},"end":{"line":51,"column":5}},"type":"if","locations":[{"start":{"line":45,"column":4},"end":{"line":51,"column":5}},{"start":{"line":45,"column":4},"end":{"line":51,"column":5}}],"line":45},"5":{"loc":{"start":{"line":45,"column":8},"end":{"line":45,"column":75}},"type":"binary-expr","locations":[{"start":{"line":45,"column":8},"end":{"line":45,"column":27}},{"start":{"line":45,"column":31},"end":{"line":45,"column":38}},{"start":{"line":45,"column":42},"end":{"line":45,"column":55}},{"start":{"line":45,"column":59},"end":{"line":45,"column":75}}],"line":45},"6":{"loc":{"start":{"line":60,"column":12},"end":{"line":60,"column":62}},"type":"cond-expr","locations":[{"start":{"line":60,"column":53},"end":{"line":60,"column":58}},{"start":{"line":60,"column":61},"end":{"line":60,"column":62}}],"line":60},"7":{"loc":{"start":{"line":60,"column":12},"end":{"line":60,"column":50}},"type":"binary-expr","locations":[{"start":{"line":60,"column":12},"end":{"line":60,"column":37}},{"start":{"line":60,"column":41},"end":{"line":60,"column":50}}],"line":60},"8":{"loc":{"start":{"line":72,"column":4},"end":{"line":82,"column":5}},"type":"if","locations":[{"start":{"line":72,"column":4},"end":{"line":82,"column":5}},{"start":{"line":72,"column":4},"end":{"line":82,"column":5}}],"line":72},"9":{"loc":{"start":{"line":73,"column":6},"end":{"line":77,"column":41}},"type":"binary-expr","locations":[{"start":{"line":73,"column":6},"end":{"line":73,"column":25}},{"start":{"line":74,"column":6},"end":{"line":74,"column":15}},{"start":{"line":75,"column":6},"end":{"line":75,"column":17}},{"start":{"line":76,"column":6},"end":{"line":76,"column":36}},{"start":{"line":77,"column":6},"end":{"line":77,"column":41}}],"line":73},"10":{"loc":{"start":{"line":79,"column":39},"end":{"line":79,"column":77}},"type":"cond-expr","locations":[{"start":{"line":79,"column":72},"end":{"line":79,"column":73}},{"start":{"line":79,"column":76},"end":{"line":79,"column":77}}],"line":79},"11":{"loc":{"start":{"line":89,"column":4},"end":{"line":91,"column":5}},"type":"if","locations":[{"start":{"line":89,"column":4},"end":{"line":91,"column":5}},{"start":{"line":89,"column":4},"end":{"line":91,"column":5}}],"line":89},"12":{"loc":{"start":{"line":99,"column":4},"end":{"line":103,"column":5}},"type":"if","locations":[{"start":{"line":99,"column":4},"end":{"line":103,"column":5}},{"start":{"line":99,"column":4},"end":{"line":103,"column":5}}],"line":99},"13":{"loc":{"start":{"line":112,"column":4},"end":{"line":116,"column":5}},"type":"if","locations":[{"start":{"line":112,"column":4},"end":{"line":116,"column":5}},{"start":{"line":112,"column":4},"end":{"line":116,"column":5}}],"line":112},"14":{"loc":{"start":{"line":123,"column":4},"end":{"line":143,"column":5}},"type":"if","locations":[{"start":{"line":123,"column":4},"end":{"line":143,"column":5}},{"start":{"line":123,"column":4},"end":{"line":143,"column":5}}],"line":123},"15":{"loc":{"start":{"line":129,"column":6},"end":{"line":132,"column":7}},"type":"if","locations":[{"start":{"line":129,"column":6},"end":{"line":132,"column":7}},{"start":{"line":129,"column":6},"end":{"line":132,"column":7}}],"line":129},"16":{"loc":{"start":{"line":136,"column":6},"end":{"line":139,"column":7}},"type":"if","locations":[{"start":{"line":136,"column":6},"end":{"line":139,"column":7}},{"start":{"line":136,"column":6},"end":{"line":139,"column":7}}],"line":136},"17":{"loc":{"start":{"line":151,"column":4},"end":{"line":156,"column":5}},"type":"if","locations":[{"start":{"line":151,"column":4},"end":{"line":156,"column":5}},{"start":{"line":151,"column":4},"end":{"line":156,"column":5}}],"line":151},"18":{"loc":{"start":{"line":168,"column":4},"end":{"line":194,"column":5}},"type":"if","locations":[{"start":{"line":168,"column":4},"end":{"line":194,"column":5}},{"start":{"line":168,"column":4},"end":{"line":194,"column":5}}],"line":168},"19":{"loc":{"start":{"line":168,"column":8},"end":{"line":168,"column":31}},"type":"binary-expr","locations":[{"start":{"line":168,"column":8},"end":{"line":168,"column":17}},{"start":{"line":168,"column":21},"end":{"line":168,"column":31}}],"line":168},"20":{"loc":{"start":{"line":169,"column":6},"end":{"line":191,"column":7}},"type":"if","locations":[{"start":{"line":169,"column":6},"end":{"line":191,"column":7}},{"start":{"line":169,"column":6},"end":{"line":191,"column":7}}],"line":169},"21":{"loc":{"start":{"line":172,"column":8},"end":{"line":178,"column":9}},"type":"if","locations":[{"start":{"line":172,"column":8},"end":{"line":178,"column":9}},{"start":{"line":172,"column":8},"end":{"line":178,"column":9}}],"line":172},"22":{"loc":{"start":{"line":180,"column":8},"end":{"line":186,"column":9}},"type":"if","locations":[{"start":{"line":180,"column":8},"end":{"line":186,"column":9}},{"start":{"line":180,"column":8},"end":{"line":186,"column":9}}],"line":180},"23":{"loc":{"start":{"line":210,"column":4},"end":{"line":233,"column":5}},"type":"if","locations":[{"start":{"line":210,"column":4},"end":{"line":233,"column":5}},{"start":{"line":210,"column":4},"end":{"line":233,"column":5}}],"line":210},"24":{"loc":{"start":{"line":215,"column":8},"end":{"line":215,"column":44}},"type":"cond-expr","locations":[{"start":{"line":215,"column":23},"end":{"line":215,"column":33}},{"start":{"line":215,"column":36},"end":{"line":215,"column":44}}],"line":215},"25":{"loc":{"start":{"line":217,"column":8},"end":{"line":217,"column":41}},"type":"cond-expr","locations":[{"start":{"line":217,"column":29},"end":{"line":217,"column":30}},{"start":{"line":217,"column":33},"end":{"line":217,"column":41}}],"line":217},"26":{"loc":{"start":{"line":221,"column":8},"end":{"line":221,"column":47}},"type":"cond-expr","locations":[{"start":{"line":221,"column":25},"end":{"line":221,"column":34}},{"start":{"line":221,"column":37},"end":{"line":221,"column":47}}],"line":221},"27":{"loc":{"start":{"line":223,"column":8},"end":{"line":223,"column":44}},"type":"cond-expr","locations":[{"start":{"line":223,"column":30},"end":{"line":223,"column":31}},{"start":{"line":223,"column":34},"end":{"line":223,"column":44}}],"line":223},"28":{"loc":{"start":{"line":228,"column":10},"end":{"line":230,"column":11}},"type":"if","locations":[{"start":{"line":228,"column":10},"end":{"line":230,"column":11}},{"start":{"line":228,"column":10},"end":{"line":230,"column":11}}],"line":228},"29":{"loc":{"start":{"line":228,"column":14},"end":{"line":228,"column":57}},"type":"binary-expr","locations":[{"start":{"line":228,"column":15},"end":{"line":228,"column":25}},{"start":{"line":228,"column":29},"end":{"line":228,"column":41}},{"start":{"line":228,"column":46},"end":{"line":228,"column":57}}],"line":228},"30":{"loc":{"start":{"line":246,"column":4},"end":{"line":256,"column":5}},"type":"if","locations":[{"start":{"line":246,"column":4},"end":{"line":256,"column":5}},{"start":{"line":246,"column":4},"end":{"line":256,"column":5}}],"line":246},"31":{"loc":{"start":{"line":250,"column":6},"end":{"line":252,"column":7}},"type":"if","locations":[{"start":{"line":250,"column":6},"end":{"line":252,"column":7}},{"start":{"line":250,"column":6},"end":{"line":252,"column":7}}],"line":250},"32":{"loc":{"start":{"line":251,"column":15},"end":{"line":251,"column":37}},"type":"binary-expr","locations":[{"start":{"line":251,"column":15},"end":{"line":251,"column":24}},{"start":{"line":251,"column":28},"end":{"line":251,"column":37}}],"line":251},"33":{"loc":{"start":{"line":268,"column":4},"end":{"line":277,"column":5}},"type":"if","locations":[{"start":{"line":268,"column":4},"end":{"line":277,"column":5}},{"start":{"line":268,"column":4},"end":{"line":277,"column":5}}],"line":268},"34":{"loc":{"start":{"line":290,"column":9},"end":{"line":290,"column":48}},"type":"binary-expr","locations":[{"start":{"line":290,"column":9},"end":{"line":290,"column":25}},{"start":{"line":290,"column":29},"end":{"line":290,"column":48}}],"line":290}},"s":{"0":11,"1":11,"2":9,"3":11,"4":11,"5":3,"6":3,"7":3,"8":6,"9":1,"10":1,"11":1,"12":1,"13":5,"14":3,"15":3,"16":7,"17":2,"18":2,"19":2,"20":1,"21":2,"22":1,"23":1,"24":2,"25":1,"26":1,"27":123,"28":2,"29":2,"30":2,"31":1,"32":121,"33":121,"34":64,"35":121,"36":60,"37":1,"38":1,"39":1,"40":59,"41":8,"42":4,"43":2,"44":2,"45":1,"46":2,"47":1,"48":2,"49":4,"50":2,"51":1,"52":2,"53":1,"54":2,"55":6,"56":2,"57":4,"58":16,"59":4,"60":8,"61":366,"62":366,"63":365,"64":365,"65":365,"66":365,"67":365,"68":1095,"69":3285,"70":366,"71":366,"72":344,"73":343,"74":343,"75":35,"76":308,"77":1,"78":127,"79":127,"80":125,"81":125,"82":125,"83":163,"84":333,"85":127,"86":837,"87":6,"88":14,"89":6,"90":17,"91":17,"92":9},"f":{"0":11,"1":3,"2":6,"3":3,"4":7,"5":2,"6":2,"7":2,"8":123,"9":60,"10":1,"11":8,"12":2,"13":2,"14":4,"15":2,"16":2,"17":6,"18":4,"19":16,"20":366,"21":1095,"22":3285,"23":344,"24":127,"25":163,"26":333,"27":837,"28":6,"29":17,"30":17,"31":9},"b":{"0":[9,2],"1":[11,3],"2":[1],"3":[2,1],"4":[1,5],"5":[6,5,4,3],"6":[1,2],"7":[3,2],"8":[2,5],"9":[7,6,5,4,3],"10":[1,1],"11":[1,1],"12":[1,1],"13":[1,1],"14":[2,121],"15":[1,1],"16":[64,57],"17":[1,59],"18":[4,4],"19":[8,5],"20":[2,2],"21":[1,1],"22":[1,1],"23":[365,1],"24":[170,195],"25":[169,196],"26":[170,195],"27":[169,196],"28":[366,2919],"29":[3285,1773,2016],"30":[343,1],"31":[35,308],"32":[35,24],"33":[125,2],"34":[837,837]},"_coverageSchema":"332fd63041d2c1bcb487cc26dd0d5f7d97098a6c","hash":"ca7f2b340f587bebc7dfeec8a9c14267e9d0f356"}
}
