TN:
SF:/home/robin/Projects/node/ankama/ankama-jeu-de-la-vie/main/GameOfLife.js
FN:8,(anonymous_0)
FN:32,(anonymous_1)
FN:44,(anonymous_2)
FN:58,(anonymous_3)
FN:71,(anonymous_4)
FN:88,(anonymous_5)
FN:98,(anonymous_6)
FN:111,(anonymous_7)
FN:122,(anonymous_8)
FN:150,(anonymous_9)
FN:152,(anonymous_10)
FN:167,(anonymous_11)
FN:173,(anonymous_12)
FN:177,(anonymous_13)
FN:177,(anonymous_14)
FN:181,(anonymous_15)
FN:185,(anonymous_16)
FN:185,(anonymous_17)
FN:188,(anonymous_18)
FN:189,(anonymous_19)
FN:207,(anonymous_20)
FN:226,(anonymous_21)
FN:227,(anonymous_22)
FN:245,(anonymous_23)
FN:266,(anonymous_24)
FN:275,(anonymous_25)
FN:275,(anonymous_26)
FN:289,isNotEmpty
FN:300,enlargeArray
FN:312,clone
FN:313,(anonymous_30)
FN:313,(anonymous_31)
FNF:32
FNH:32
FNDA:11,(anonymous_0)
FNDA:3,(anonymous_1)
FNDA:6,(anonymous_2)
FNDA:3,(anonymous_3)
FNDA:7,(anonymous_4)
FNDA:2,(anonymous_5)
FNDA:2,(anonymous_6)
FNDA:2,(anonymous_7)
FNDA:123,(anonymous_8)
FNDA:60,(anonymous_9)
FNDA:1,(anonymous_10)
FNDA:8,(anonymous_11)
FNDA:2,(anonymous_12)
FNDA:2,(anonymous_13)
FNDA:4,(anonymous_14)
FNDA:2,(anonymous_15)
FNDA:2,(anonymous_16)
FNDA:6,(anonymous_17)
FNDA:4,(anonymous_18)
FNDA:16,(anonymous_19)
FNDA:366,(anonymous_20)
FNDA:1095,(anonymous_21)
FNDA:3285,(anonymous_22)
FNDA:344,(anonymous_23)
FNDA:127,(anonymous_24)
FNDA:163,(anonymous_25)
FNDA:333,(anonymous_26)
FNDA:837,isNotEmpty
FNDA:6,enlargeArray
FNDA:17,clone
FNDA:17,(anonymous_30)
FNDA:9,(anonymous_31)
DA:7,11
DA:11,11
DA:12,9
DA:15,11
DA:24,11
DA:33,3
DA:34,3
DA:36,3
DA:45,6
DA:46,1
DA:47,1
DA:48,1
DA:50,1
DA:52,5
DA:60,3
DA:62,3
DA:72,7
DA:79,2
DA:81,2
DA:89,2
DA:90,1
DA:99,2
DA:100,1
DA:102,1
DA:112,2
DA:113,1
DA:115,1
DA:123,123
DA:126,2
DA:127,2
DA:129,2
DA:131,1
DA:134,121
DA:136,121
DA:138,64
DA:141,121
DA:151,60
DA:152,1
DA:153,1
DA:154,1
DA:158,59
DA:168,8
DA:169,4
DA:170,2
DA:172,2
DA:173,1
DA:174,2
DA:177,4
DA:180,2
DA:181,1
DA:182,2
DA:185,6
DA:188,2
DA:189,16
DA:193,4
DA:196,8
DA:208,366
DA:210,366
DA:211,365
DA:212,365
DA:214,365
DA:220,365
DA:226,365
DA:227,1095
DA:228,3285
DA:229,366
DA:235,366
DA:246,344
DA:247,343
DA:250,343
DA:251,35
DA:255,308
DA:258,1
DA:267,127
DA:268,127
DA:270,125
DA:271,125
DA:274,125
DA:275,333
DA:278,127
DA:290,837
DA:301,6
DA:302,14
DA:305,6
DA:313,17
LF:85
LH:85
BRDA:11,0,0,9
BRDA:11,0,1,2
BRDA:11,1,0,11
BRDA:11,1,1,3
BRDA:32,2,0,1
BRDA:34,3,0,2
BRDA:34,3,1,1
BRDA:45,4,0,1
BRDA:45,4,1,5
BRDA:45,5,0,6
BRDA:45,5,1,5
BRDA:45,5,2,4
BRDA:45,5,3,3
BRDA:60,6,0,1
BRDA:60,6,1,2
BRDA:60,7,0,3
BRDA:60,7,1,2
BRDA:72,8,0,2
BRDA:72,8,1,5
BRDA:73,9,0,7
BRDA:73,9,1,6
BRDA:73,9,2,5
BRDA:73,9,3,4
BRDA:73,9,4,3
BRDA:79,10,0,1
BRDA:79,10,1,1
BRDA:89,11,0,1
BRDA:89,11,1,1
BRDA:99,12,0,1
BRDA:99,12,1,1
BRDA:112,13,0,1
BRDA:112,13,1,1
BRDA:123,14,0,2
BRDA:123,14,1,121
BRDA:129,15,0,1
BRDA:129,15,1,1
BRDA:136,16,0,64
BRDA:136,16,1,57
BRDA:151,17,0,1
BRDA:151,17,1,59
BRDA:168,18,0,4
BRDA:168,18,1,4
BRDA:168,19,0,8
BRDA:168,19,1,5
BRDA:169,20,0,2
BRDA:169,20,1,2
BRDA:172,21,0,1
BRDA:172,21,1,1
BRDA:180,22,0,1
BRDA:180,22,1,1
BRDA:210,23,0,365
BRDA:210,23,1,1
BRDA:215,24,0,170
BRDA:215,24,1,195
BRDA:217,25,0,169
BRDA:217,25,1,196
BRDA:221,26,0,170
BRDA:221,26,1,195
BRDA:223,27,0,169
BRDA:223,27,1,196
BRDA:228,28,0,366
BRDA:228,28,1,2919
BRDA:228,29,0,3285
BRDA:228,29,1,1773
BRDA:228,29,2,2016
BRDA:246,30,0,343
BRDA:246,30,1,1
BRDA:250,31,0,35
BRDA:250,31,1,308
BRDA:251,32,0,35
BRDA:251,32,1,24
BRDA:268,33,0,125
BRDA:268,33,1,2
BRDA:290,34,0,837
BRDA:290,34,1,837
BRF:75
BRH:75
end_of_record
